// Spring Shell 1.2.0.RELEASE log opened at 2021-06-21 22:07:12
// Spring Shell 1.2.0.RELEASE log opened at 2021-06-21 22:11:11
help
wg --url https://httpbin.org/ip
// Spring Shell 1.2.0.RELEASE log opened at 2021-06-21 22:22:10
// Spring Shell 1.2.0.RELEASE log opened at 2021-06-21 22:24:59
// Spring Shell 1.2.0.RELEASE log opened at 2021-06-21 22:28:29
// Spring Shell 1.2.0.RELEASE log opened at 2021-06-21 22:28:48
// Spring Shell 1.2.0.RELEASE log opened at 2021-06-21 22:29:08
// Spring Shell 1.2.0.RELEASE log opened at 2021-06-21 22:31:51
// Spring Shell 1.2.0.RELEASE log opened at 2021-06-21 22:33:43
// Spring Shell 1.2.0.RELEASE log opened at 2021-06-21 22:34:53
// Spring Shell 1.2.0.RELEASE log opened at 2021-06-21 22:35:35
// Spring Shell 1.2.0.RELEASE log opened at 2021-06-21 22:35:58
// Spring Shell 1.2.0.RELEASE log opened at 2021-06-21 22:36:10
// Spring Shell 1.2.0.RELEASE log opened at 2021-06-21 22:37:11
// Spring Shell 1.2.0.RELEASE log opened at 2021-06-21 22:38:50
// Spring Shell 1.2.0.RELEASE log opened at 2021-06-21 22:39:31
// Spring Shell 1.2.0.RELEASE log opened at 2021-06-21 22:52:43
// Spring Shell 1.2.0.RELEASE log opened at 2021-06-21 22:53:11
// The H4ckinG4me 1.2.0.RELEASE log opened at 2021-06-21 22:53:51
exit
// The H4ckinG4me 1.2.0.RELEASE log closed at 2021-06-21 22:55:03
// The H4ckinG4me 1.2.0.RELEASE log opened at 2021-06-21 23:11:48
// Spring Shell 1.2.0.RELEASE log opened at 2021-06-21 23:12:57
exit
// Spring Shell 1.2.0.RELEASE log closed at 2021-06-21 23:13:08
// Spring Shell 1.2.0.RELEASE log opened at 2021-06-21 23:13:17
exit
// Spring Shell 1.2.0.RELEASE log closed at 2021-06-21 23:13:26
// The H4ckinG4me 1.2.0.RELEASE log opened at 2021-06-21 23:13:45
exit
// The H4ckinG4me 1.2.0.RELEASE log closed at 2021-06-21 23:15:31
// The H4ckinG4me 1.2.0.RELEASE log opened at 2021-06-21 23:33:30
// The H4ckinG4me 1.2.0.RELEASE log opened at 2021-06-21 23:35:08
exit
// The H4ckinG4me 1.2.0.RELEASE log closed at 2021-06-21 23:35:15
// The H4ckinG4me 1.2.0.RELEASE log opened at 2021-06-21 23:37:53
// The H4ckinG4me 1.2.0.RELEASE log opened at 2021-06-21 23:38:52
exit
// The H4ckinG4me 1.2.0.RELEASE log closed at 2021-06-21 23:38:57
// The H4ckinG4me 1.2.0.RELEASE log opened at 2021-06-21 23:39:03
wg --url https://httpbin.org/ip
exit
// Spring Shell 1.2.0.RELEASE log opened at 2021-06-22 00:23:38
// The H4ckinG4me 1.2.0.RELEASE log opened at 2021-06-22 00:26:03
// The H4ckinG4me 1.2.0.RELEASE log opened at 2021-06-22 09:04:29
exit
// The H4ckinG4me 1.2.0.RELEASE log closed at 2021-06-22 09:04:37
// The H4ckinG4me 1.2.0.RELEASE log opened at 2021-06-22 09:56:15
// The H4ckinG4me 1.2.0.RELEASE log opened at 2021-06-22 13:04:50
// The H4ckinG4me 1.2.0.RELEASE log opened at 2021-06-22 13:06:28
exit
// The H4ckinG4me 1.2.0.RELEASE log closed at 2021-06-22 13:06:35
// The H4ckinG4me 1.2.0.RELEASE log opened at 2021-06-22 13:07:27
// The H4ckinG4me 1.2.0.RELEASE log opened at 2021-06-22 13:08:49
// The H4ckinG4me 1.2.0.RELEASE log opened at 2021-06-22 13:59:21
exit
// The H4ckinG4me 1.2.0.RELEASE log closed at 2021-06-22 13:59:29
// The H4ckinG4me 1.2.0.RELEASE log opened at 2021-06-22 14:04:48
exit
// The H4ckinG4me 1.2.0.RELEASE log closed at 2021-06-22 14:04:52
// The H4ckinG4me 1.2.0.RELEASE log opened at 2021-06-22 14:22:20
exit
// The H4ckinG4me 1.2.0.RELEASE log closed at 2021-06-22 14:22:22
// The H4ckinG4me 1.2.0.RELEASE log opened at 2021-06-22 14:23:21
exit
// The H4ckinG4me 1.2.0.RELEASE log closed at 2021-06-22 14:23:25
// The H4ckinG4me 1.2.0.RELEASE log opened at 2021-06-22 14:37:36
exit
// The H4ckinG4me 1.2.0.RELEASE log closed at 2021-06-22 14:37:42
// The H4ckinG4me 1.2.0.RELEASE log opened at 2021-06-22 14:38:31
exit
// The H4ckinG4me 1.2.0.RELEASE log closed at 2021-06-22 14:38:37
// The H4ckinG4me 1.2.0.RELEASE log opened at 2021-06-22 14:41:39
exit
// The H4ckinG4me 1.2.0.RELEASE log closed at 2021-06-22 14:41:55
// The H4ckinG4me 1.2.0.RELEASE log opened at 2021-06-22 14:42:30
exit
// The H4ckinG4me 1.2.0.RELEASE log closed at 2021-06-22 14:42:33
// The H4ckinG4me 1.2.0.RELEASE log opened at 2021-06-22 15:50:00
exit
// The H4ckinG4me 1.2.0.RELEASE log closed at 2021-06-22 15:50:02
// The H4ckinG4me 1.2.0.RELEASE log opened at 2021-06-22 15:50:30
exit
// The H4ckinG4me 1.2.0.RELEASE log closed at 2021-06-22 15:50:32
// The H4ckinG4me 1.2.0.RELEASE log opened at 2021-06-22 16:03:05
yy
exit
// The H4ckinG4me 1.2.0.RELEASE log closed at 2021-06-22 16:17:38
// Spring Shell 1.2.0.RELEASE log opened at 2021-06-23 16:14:49
exit
// Spring Shell 1.2.0.RELEASE log closed at 2021-06-23 16:16:30
// The H4ckinG4me 1.2.0.RELEASE log opened at 2021-06-23 16:18:33
exit
// The H4ckinG4me 1.2.0.RELEASE log closed at 2021-06-23 16:18:38
// The H4ckinG4me 1.2.0.RELEASE log opened at 2021-06-23 16:29:15
exit
// The H4ckinG4me 1.2.0.RELEASE log closed at 2021-06-23 16:29:28
// The H4ckinG4me 1.2.0.RELEASE log opened at 2021-06-23 16:29:33
// The H4ckinG4me 1.2.0.RELEASE log opened at 2021-06-23 16:37:41
exit
// The H4ckinG4me 1.2.0.RELEASE log closed at 2021-06-23 16:37:55
// The H4ckinG4me 1.2.0.RELEASE log opened at 2021-06-25 00:03:09
yy
yy
exit
// The H4ckinG4me 1.2.0.RELEASE log closed at 2021-06-25 00:09:37
// The H4ckinG4me 1.2.0.RELEASE log opened at 2021-06-25 00:09:43
exit
// The H4ckinG4me 1.2.0.RELEASE log closed at 2021-06-25 00:11:29
// The H4ckinG4me 1.2.0.RELEASE log opened at 2021-06-25 00:11:34
exit
// The H4ckinG4me 1.2.0.RELEASE log closed at 2021-06-25 00:11:37
// The H4ckinG4me 1.2.0.RELEASE log opened at 2021-06-25 00:11:50
exit
// The H4ckinG4me 1.2.0.RELEASE log closed at 2021-06-25 00:13:50
// The H4ckinG4me 1.2.0.RELEASE log opened at 2021-06-25 00:13:53
yy
yy
yy
yy
help
yy
exit
// The H4ckinG4me 1.2.0.RELEASE log closed at 2021-06-25 00:18:36
// The H4ckinG4me 1.2.0.RELEASE log opened at 2021-06-25 00:18:40
yy
yy
yy
yy
// The H4ckinG4me 1.2.0.RELEASE log opened at 2021-06-25 07:35:34
exit
// The H4ckinG4me 1.2.0.RELEASE log closed at 2021-06-25 07:37:44
// The H4ckinG4me 1.2.0.RELEASE log opened at 2021-06-25 07:37:50
yy
yy
exit
// The H4ckinG4me 1.2.0.RELEASE log closed at 2021-06-25 07:38:44
// The H4ckinG4me 1.2.0.RELEASE log opened at 2021-06-25 07:38:50
yy
yy
yy
yy
yy
yy
exit
// The H4ckinG4me 1.2.0.RELEASE log closed at 2021-06-25 07:39:44
// The H4ckinG4me 1.2.0.RELEASE log opened at 2021-06-25 07:39:52
yy
yy
exit
// The H4ckinG4me 1.2.0.RELEASE log closed at 2021-06-25 07:40:50
// The H4ckinG4me 1.2.0.RELEASE log opened at 2021-06-25 07:40:57
yy
yy
// The H4ckinG4me 1.2.0.RELEASE log opened at 2021-06-25 17:01:48
// [failed] yy
exit
// The H4ckinG4me 1.2.0.RELEASE log closed at 2021-06-25 17:02:55
// The H4ckinG4me 1.2.0.RELEASE log opened at 2021-06-25 17:03:00
yy
exit
// The H4ckinG4me 1.2.0.RELEASE log closed at 2021-06-25 17:04:53
// The H4ckinG4me 1.2.0.RELEASE log opened at 2021-06-25 17:04:57
yy
exit
// The H4ckinG4me 1.2.0.RELEASE log closed at 2021-06-25 17:09:16
// The H4ckinG4me 1.2.0.RELEASE log opened at 2021-06-25 17:09:21
yy
yw
yb
exit
// The H4ckinG4me 1.2.0.RELEASE log closed at 2021-06-25 17:13:10
// The H4ckinG4me 1.2.0.RELEASE log opened at 2021-06-25 17:13:14
yy
yb
yy
exit
// The H4ckinG4me 1.2.0.RELEASE log closed at 2021-06-25 17:13:33
// The H4ckinG4me 1.2.0.RELEASE log opened at 2021-06-25 17:13:39
yy
exit
// The H4ckinG4me 1.2.0.RELEASE log closed at 2021-06-25 17:14:29
// The H4ckinG4me 1.2.0.RELEASE log opened at 2021-06-25 17:14:34
yy
yw
yb
yb
yb
yb
yb
yb
yb
yb
yb
exit
// The H4ckinG4me 1.2.0.RELEASE log closed at 2021-06-25 17:15:01
// The H4ckinG4me 1.2.0.RELEASE log opened at 2021-06-25 17:15:05
yy
yb
exit
// The H4ckinG4me 1.2.0.RELEASE log closed at 2021-06-25 17:15:22
// The H4ckinG4me 1.2.0.RELEASE log opened at 2021-06-25 17:15:26
yw
exit
// The H4ckinG4me 1.2.0.RELEASE log closed at 2021-06-25 17:15:43
// The H4ckinG4me 1.2.0.RELEASE log opened at 2021-06-25 17:15:52
yw
exit
// The H4ckinG4me 1.2.0.RELEASE log closed at 2021-06-25 17:15:57
// The H4ckinG4me 1.2.0.RELEASE log opened at 2021-06-25 17:16:01
yb
exit
// The H4ckinG4me 1.2.0.RELEASE log closed at 2021-06-25 17:16:50
// The H4ckinG4me 1.2.0.RELEASE log opened at 2021-06-25 17:19:55
exit
// The H4ckinG4me 1.2.0.RELEASE log closed at 2021-06-25 17:20:18
// The H4ckinG4me 1.2.0.RELEASE log opened at 2021-06-25 17:20:22
exit
// The H4ckinG4me 1.2.0.RELEASE log closed at 2021-06-25 17:21:26
// The H4ckinG4me 1.2.0.RELEASE log opened at 2021-06-25 17:21:31
exit
// The H4ckinG4me 1.2.0.RELEASE log closed at 2021-06-25 17:21:58
// The H4ckinG4me 1.2.0.RELEASE log opened at 2021-06-25 17:22:02
exit
// The H4ckinG4me 1.2.0.RELEASE log closed at 2021-06-25 17:22:10
// The H4ckinG4me 1.2.0.RELEASE log opened at 2021-06-25 17:44:13
yy
yb
exit
// The H4ckinG4me 1.2.0.RELEASE log closed at 2021-06-25 17:44:45
// The H4ckinG4me 1.2.0.RELEASE log opened at 2021-06-25 17:44:49
yw
exit
// The H4ckinG4me 1.2.0.RELEASE log closed at 2021-06-25 17:49:32
// The H4ckinG4me 1.2.0.RELEASE log opened at 2021-06-25 21:08:27
yy
yb
exit
// The H4ckinG4me 1.2.0.RELEASE log closed at 2021-06-25 21:08:48
// The H4ckinG4me 1.2.0.RELEASE log opened at 2021-06-25 21:08:54
yy
yb
exit
// The H4ckinG4me 1.2.0.RELEASE log closed at 2021-06-25 21:09:45
// The H4ckinG4me 1.2.0.RELEASE log opened at 2021-06-25 21:09:49
yy
yb
exit
// The H4ckinG4me 1.2.0.RELEASE log closed at 2021-06-25 21:13:49
// The H4ckinG4me 1.2.0.RELEASE log opened at 2021-06-25 21:16:18
yy
exit
// The H4ckinG4me 1.2.0.RELEASE log closed at 2021-06-25 21:19:49
// The H4ckinG4me 1.2.0.RELEASE log opened at 2021-06-25 21:19:54
yy
exit
// The H4ckinG4me 1.2.0.RELEASE log closed at 2021-06-25 21:20:11
// The H4ckinG4me 1.2.0.RELEASE log opened at 2021-06-25 21:20:16
yy
exit
// The H4ckinG4me 1.2.0.RELEASE log closed at 2021-06-25 21:21:24
// The H4ckinG4me 1.2.0.RELEASE log opened at 2021-06-25 21:21:28
yy
exit
// The H4ckinG4me 1.2.0.RELEASE log closed at 2021-06-25 21:21:54
// The H4ckinG4me 1.2.0.RELEASE log opened at 2021-06-25 21:22:06
yy
exit
// The H4ckinG4me 1.2.0.RELEASE log closed at 2021-06-25 21:25:27
// The H4ckinG4me 1.2.0.RELEASE log opened at 2021-06-25 21:25:31
yy
exit
// The H4ckinG4me 1.2.0.RELEASE log closed at 2021-06-25 21:29:01
// The H4ckinG4me 1.2.0.RELEASE log opened at 2021-06-25 21:29:08
yy
exit
// The H4ckinG4me 1.2.0.RELEASE log closed at 2021-06-25 21:31:40
// The H4ckinG4me 1.2.0.RELEASE log opened at 2021-06-25 21:31:44
exit
// The H4ckinG4me 1.2.0.RELEASE log closed at 2021-06-25 21:33:33
// The H4ckinG4me 1.2.0.RELEASE log opened at 2021-06-25 21:33:42
yy
exit
// The H4ckinG4me 1.2.0.RELEASE log closed at 2021-06-25 21:41:57
// The H4ckinG4me 1.2.0.RELEASE log opened at 2021-06-25 21:42:02
yy
exit
// The H4ckinG4me 1.2.0.RELEASE log closed at 2021-06-25 21:45:23
// The H4ckinG4me 1.2.0.RELEASE log opened at 2021-06-25 21:45:27
yy
exit
// The H4ckinG4me 1.2.0.RELEASE log closed at 2021-06-25 21:46:21
// The H4ckinG4me 1.2.0.RELEASE log opened at 2021-06-25 21:46:25
yy
exit
// The H4ckinG4me 1.2.0.RELEASE log closed at 2021-06-25 21:51:04
// The H4ckinG4me 1.2.0.RELEASE log opened at 2021-06-25 21:51:10
yy
exit
// The H4ckinG4me 1.2.0.RELEASE log closed at 2021-06-25 21:53:00
// The H4ckinG4me 1.2.0.RELEASE log opened at 2021-06-25 21:53:04
yy
exit
// The H4ckinG4me 1.2.0.RELEASE log closed at 2021-06-25 21:56:08
// The H4ckinG4me 1.2.0.RELEASE log opened at 2021-06-25 21:56:19
yy
exit
// The H4ckinG4me 1.2.0.RELEASE log closed at 2021-06-25 22:07:57
// The H4ckinG4me 1.2.0.RELEASE log opened at 2021-06-25 22:08:06
yy
exit
// The H4ckinG4me 1.2.0.RELEASE log closed at 2021-06-25 22:11:30
// The H4ckinG4me 1.2.0.RELEASE log opened at 2021-06-25 22:11:36
yb
exit
// The H4ckinG4me 1.2.0.RELEASE log closed at 2021-06-25 22:13:46
// The H4ckinG4me 1.2.0.RELEASE log opened at 2021-06-25 22:13:51
yb
yw
yb
exit
// The H4ckinG4me 1.2.0.RELEASE log closed at 2021-06-25 22:16:21
// The H4ckinG4me 1.2.0.RELEASE log opened at 2021-06-25 22:16:25
yb
yw
yw
exit
// The H4ckinG4me 1.2.0.RELEASE log closed at 2021-06-25 22:22:36
// The H4ckinG4me 1.2.0.RELEASE log opened at 2021-06-25 22:22:40
help
db
dr
dg
dt
dt
dr
exit
// The H4ckinG4me 1.2.0.RELEASE log closed at 2021-06-25 22:24:54
// The H4ckinG4me 1.2.0.RELEASE log opened at 2021-06-25 22:24:58
dr
dr
dr
exit
// The H4ckinG4me 1.2.0.RELEASE log closed at 2021-06-25 22:28:58
// The H4ckinG4me 1.2.0.RELEASE log opened at 2021-06-25 22:29:03
dr
exit
// The H4ckinG4me 1.2.0.RELEASE log closed at 2021-06-25 22:29:55
// The H4ckinG4me 1.2.0.RELEASE log opened at 2021-06-25 22:30:04
dr
exit
// The H4ckinG4me 1.2.0.RELEASE log closed at 2021-06-25 22:30:21
// The H4ckinG4me 1.2.0.RELEASE log opened at 2021-06-25 22:30:56
dr
dr
dr
dr
exit
// The H4ckinG4me 1.2.0.RELEASE log closed at 2021-06-25 22:31:41
// The H4ckinG4me 1.2.0.RELEASE log opened at 2021-06-25 22:31:47
dr
dr
dr
dr
dr
dr
dr
exit
// The H4ckinG4me 1.2.0.RELEASE log closed at 2021-06-25 22:38:54
// The H4ckinG4me 1.2.0.RELEASE log opened at 2021-06-25 22:38:59
dr
dg
db
dt
dr
dr
dr
dr
dg
dg
dg
dg
dg
dg
dg
dg
dg
dg
dg
exit
// The H4ckinG4me 1.2.0.RELEASE log closed at 2021-06-25 22:41:38
// The H4ckinG4me 1.2.0.RELEASE log opened at 2021-06-25 22:44:48
dr
exit
// The H4ckinG4me 1.2.0.RELEASE log closed at 2021-06-25 22:48:34
// The H4ckinG4me 1.2.0.RELEASE log opened at 2021-06-25 22:48:39
dr
exit
// The H4ckinG4me 1.2.0.RELEASE log closed at 2021-06-25 22:50:17
// The H4ckinG4me 1.2.0.RELEASE log opened at 2021-06-25 22:50:23
dr
dg
dr
dg
dg
dr
exit
// The H4ckinG4me 1.2.0.RELEASE log closed at 2021-06-25 22:51:47
// The H4ckinG4me 1.2.0.RELEASE log opened at 2021-06-25 22:51:52
dr
exit
// The H4ckinG4me 1.2.0.RELEASE log closed at 2021-06-25 22:52:59
// The H4ckinG4me 1.2.0.RELEASE log opened at 2021-06-25 22:53:03
exit
// The H4ckinG4me 1.2.0.RELEASE log closed at 2021-06-25 22:54:53
// The H4ckinG4me 1.2.0.RELEASE log opened at 2021-06-25 22:54:58
dr
dr
dr
dr
dg
dt
dr
dr
dr
dr
dr
dr
exit
// The H4ckinG4me 1.2.0.RELEASE log closed at 2021-06-25 22:56:22
// The H4ckinG4me 1.2.0.RELEASE log opened at 2021-06-25 22:56:28
exit
// The H4ckinG4me 1.2.0.RELEASE log closed at 2021-06-25 22:59:20
// The H4ckinG4me 1.2.0.RELEASE log opened at 2021-06-25 22:59:42
exit
// The H4ckinG4me 1.2.0.RELEASE log closed at 2021-06-25 23:01:34
// The H4ckinG4me 1.2.0.RELEASE log opened at 2021-06-25 23:01:38
dr
dr
dr
dr
dr
dr
dr
dr
dr
dg
dt
dt
dt
dt
dt
dt
dt
dt
dt
dt
dt
dt
dt
dt
dt
dt
dt
dt
dt
dt
dt
dt
dt
dt
dt
dt
dt
dt
dt
dt
dt
exit
// The H4ckinG4me 1.2.0.RELEASE log closed at 2021-06-25 23:03:56
// The H4ckinG4me 1.2.0.RELEASE log opened at 2021-06-25 23:32:59
exit
// The H4ckinG4me 1.2.0.RELEASE log closed at 2021-06-26 09:37:53
// The H4ckinG4me 1.2.0.RELEASE log opened at 2021-06-26 09:55:12
exit
// The H4ckinG4me 1.2.0.RELEASE log closed at 2021-06-26 09:56:39
// The H4ckinG4me 1.2.0.RELEASE log opened at 2021-06-26 09:56:43
exit
// The H4ckinG4me 1.2.0.RELEASE log closed at 2021-06-26 09:57:53
// The H4ckinG4me 1.2.0.RELEASE log opened at 2021-06-26 09:57:58
exit
// The H4ckinG4me 1.2.0.RELEASE log closed at 2021-06-26 10:00:10
// The H4ckinG4me 1.2.0.RELEASE log opened at 2021-06-26 10:00:14
exit
// The H4ckinG4me 1.2.0.RELEASE log closed at 2021-06-26 10:02:16
// The H4ckinG4me 1.2.0.RELEASE log opened at 2021-06-26 10:02:20
exit
// The H4ckinG4me 1.2.0.RELEASE log closed at 2021-06-26 10:05:54
// The H4ckinG4me 1.2.0.RELEASE log opened at 2021-06-26 10:06:00
exit
// The H4ckinG4me 1.2.0.RELEASE log closed at 2021-06-26 10:07:37
// The H4ckinG4me 1.2.0.RELEASE log opened at 2021-06-26 10:07:44
exit
// The H4ckinG4me 1.2.0.RELEASE log closed at 2021-06-26 10:09:19
// The H4ckinG4me 1.2.0.RELEASE log opened at 2021-06-26 10:09:23
exit
// The H4ckinG4me 1.2.0.RELEASE log closed at 2021-06-26 10:34:57
// The H4ckinG4me 1.2.0.RELEASE log opened at 2021-06-26 10:35:01
// The H4ckinG4me 1.2.0.RELEASE log opened at 2021-06-26 10:38:39
exit
// The H4ckinG4me 1.2.0.RELEASE log closed at 2021-06-26 10:41:07
// The H4ckinG4me 1.2.0.RELEASE log opened at 2021-06-26 10:41:13
exit
// The H4ckinG4me 1.2.0.RELEASE log closed at 2021-06-26 10:46:00
// The H4ckinG4me 1.2.0.RELEASE log opened at 2021-06-26 10:46:08
exit
// The H4ckinG4me 1.2.0.RELEASE log closed at 2021-06-26 10:46:51
// The H4ckinG4me 1.2.0.RELEASE log opened at 2021-06-26 10:46:56
exit
// The H4ckinG4me 1.2.0.RELEASE log closed at 2021-06-26 10:48:26
// The H4ckinG4me 1.2.0.RELEASE log opened at 2021-06-26 10:48:29
ex
// The H4ckinG4me 1.2.0.RELEASE log closed at 2021-06-26 15:11:49
// The H4ckinG4me 1.2.0.RELEASE log opened at 2021-06-26 17:52:36
exit
// The H4ckinG4me 1.2.0.RELEASE log closed at 2021-06-26 17:54:24
// The H4ckinG4me 1.2.0.RELEASE log opened at 2021-06-26 17:54:28
exit
// The H4ckinG4me 1.2.0.RELEASE log closed at 2021-06-26 17:55:07
// The H4ckinG4me 1.2.0.RELEASE log opened at 2021-06-26 17:55:13
exit
// The H4ckinG4me 1.2.0.RELEASE log closed at 2021-06-26 17:59:00
// The H4ckinG4me 1.2.0.RELEASE log opened at 2021-06-26 17:59:06
exit
// The H4ckinG4me 1.2.0.RELEASE log closed at 2021-06-26 17:59:18
// The H4ckinG4me 1.2.0.RELEASE log opened at 2021-06-26 17:59:22
exit
// The H4ckinG4me 1.2.0.RELEASE log closed at 2021-06-26 17:59:30
// The H4ckinG4me 1.2.0.RELEASE log opened at 2021-06-26 17:59:34
exit
// The H4ckinG4me 1.2.0.RELEASE log closed at 2021-06-26 18:01:38
// The H4ckinG4me 1.2.0.RELEASE log opened at 2021-06-26 18:01:43
exit
// The H4ckinG4me 1.2.0.RELEASE log closed at 2021-06-26 18:12:38
// The H4ckinG4me 1.2.0.RELEASE log opened at 2021-06-26 18:12:46
exit
// The H4ckinG4me 1.2.0.RELEASE log closed at 2021-06-26 18:13:18
// The H4ckinG4me 1.2.0.RELEASE log opened at 2021-06-26 18:13:25
exit
// The H4ckinG4me 1.2.0.RELEASE log closed at 2021-06-26 18:39:09
// The H4ckinG4me 1.2.0.RELEASE log opened at 2021-06-26 22:39:13
exit
// The H4ckinG4me 1.2.0.RELEASE log closed at 2021-06-26 22:40:29
// The H4ckinG4me 1.2.0.RELEASE log opened at 2021-06-26 22:40:34
exit
// The H4ckinG4me 1.2.0.RELEASE log closed at 2021-06-26 22:41:22
// The H4ckinG4me 1.2.0.RELEASE log opened at 2021-06-26 22:41:27
exit
// The H4ckinG4me 1.2.0.RELEASE log closed at 2021-06-26 22:43:42
// The H4ckinG4me 1.2.0.RELEASE log opened at 2021-06-26 22:43:49
exit
// The H4ckinG4me 1.2.0.RELEASE log closed at 2021-06-26 22:50:47
// The H4ckinG4me 1.2.0.RELEASE log opened at 2021-06-26 22:50:51
exit
// The H4ckinG4me 1.2.0.RELEASE log closed at 2021-06-26 23:00:05
// The H4ckinG4me 1.2.0.RELEASE log opened at 2021-06-26 23:02:45
exit
// The H4ckinG4me 1.2.0.RELEASE log closed at 2021-06-26 23:08:28
// The H4ckinG4me 1.2.0.RELEASE log opened at 2021-06-26 23:08:33
exit
// The H4ckinG4me 1.2.0.RELEASE log closed at 2021-06-26 23:09:01
// The H4ckinG4me 1.2.0.RELEASE log opened at 2021-06-26 23:09:06
exit
// The H4ckinG4me 1.2.0.RELEASE log closed at 2021-06-26 23:12:41
// The H4ckinG4me 1.2.0.RELEASE log opened at 2021-06-26 23:12:45
exit
// The H4ckinG4me 1.2.0.RELEASE log closed at 2021-06-26 23:14:04
// The H4ckinG4me 1.2.0.RELEASE log opened at 2021-06-26 23:14:10
exit
// The H4ckinG4me 1.2.0.RELEASE log closed at 2021-06-26 23:15:37
// The H4ckinG4me 1.2.0.RELEASE log opened at 2021-06-26 23:15:48
help
help !
! which whoamii
! which whoami
exit
// The H4ckinG4me 1.2.0.RELEASE log closed at 2021-06-26 23:20:14
// The H4ckinG4me 1.2.0.RELEASE log opened at 2021-06-26 23:20:20
exit
// The H4ckinG4me 1.2.0.RELEASE log closed at 2021-06-26 23:25:53
// The H4ckinG4me 1.2.0.RELEASE log opened at 2021-06-26 23:26:01
// [failed] log Stocazzo
exit
// The H4ckinG4me 1.2.0.RELEASE log closed at 2021-06-26 23:29:47
// The H4ckinG4me 1.2.0.RELEASE log opened at 2021-06-26 23:29:52
// [failed] log Stocazzo
exit
// The H4ckinG4me 1.2.0.RELEASE log closed at 2021-06-26 23:30:56
// The H4ckinG4me 1.2.0.RELEASE log opened at 2021-06-26 23:31:00
// [failed] log Stocazzo
// The H4ckinG4me 1.2.0.RELEASE log opened at 2021-06-26 23:32:00
// [failed] log Stocazzo
exit
// The H4ckinG4me 1.2.0.RELEASE log closed at 2021-06-26 23:33:58
// [failed] log Stocazzo
// The H4ckinG4me 1.2.0.RELEASE log opened at 2021-06-26 23:34:22
log Stocazzo
log stafava
exit
// The H4ckinG4me 1.2.0.RELEASE log closed at 2021-06-26 23:37:24
// The H4ckinG4me 1.2.0.RELEASE log opened at 2021-06-26 23:37:30
log stafava
log Stocazzo
log stauallera
log pippero
log spalmman
log oh la fava!
log picio pacio
log "ullallero ullallà"
log qua la zampa
log spippolo
log ruttolomeo
log un canuomo è il miglior amico di sé stesso
log qui
log quo
log qua
log ullallà
log ullaqua
log msg
log message
log --msg gluglu
log quasi ci siamo
log ancora uno sforzo
log e ancora uno
log mo basta però
log ha bucato! Questo è male
log scompaiono, però
log facendo danno!
log cazzarola
exit
// The H4ckinG4me 1.2.0.RELEASE log closed at 2021-06-27 00:01:04
// The H4ckinG4me 1.2.0.RELEASE log opened at 2021-06-27 00:02:34
log a
log b
log c
log d
log e
log f
log g
log h
log i
log j
log k
log l
log m
log n
log o
log p
log q
log r
log s
log t
log u
log v
log w
log x
log y
exit
// The H4ckinG4me 1.2.0.RELEASE log closed at 2021-06-27 00:06:27
// The H4ckinG4me 1.2.0.RELEASE log opened at 2021-06-27 00:06:32
exit
// The H4ckinG4me 1.2.0.RELEASE log closed at 2021-06-27 00:07:04
// The H4ckinG4me 1.2.0.RELEASE log opened at 2021-06-27 00:07:19
exit
// The H4ckinG4me 1.2.0.RELEASE log closed at 2021-06-27 00:08:00
// The H4ckinG4me 1.2.0.RELEASE log opened at 2021-06-27 00:08:08
exit
// The H4ckinG4me 1.2.0.RELEASE log closed at 2021-06-27 00:08:46
// The H4ckinG4me 1.2.0.RELEASE log opened at 2021-06-27 00:08:54
exit
// The H4ckinG4me 1.2.0.RELEASE log closed at 2021-06-27 00:16:31
// The H4ckinG4me 1.2.0.RELEASE log opened at 2021-06-27 00:19:47
log y
exit
// The H4ckinG4me 1.2.0.RELEASE log closed at 2021-06-27 10:08:08
// The H4ckinG4me 1.2.0.RELEASE log opened at 2021-06-27 10:09:36
exit
// The H4ckinG4me 1.2.0.RELEASE log closed at 2021-06-27 10:10:23
// The H4ckinG4me 1.2.0.RELEASE log opened at 2021-06-27 10:10:27
exit
// The H4ckinG4me 1.2.0.RELEASE log closed at 2021-06-27 10:12:33
// The H4ckinG4me 1.2.0.RELEASE log opened at 2021-06-27 10:12:37
exit
// The H4ckinG4me 1.2.0.RELEASE log closed at 2021-06-27 10:14:25
// The H4ckinG4me 1.2.0.RELEASE log opened at 2021-06-27 10:25:33
exit
// The H4ckinG4me 1.2.0.RELEASE log closed at 2021-06-27 10:27:41
// The H4ckinG4me 1.2.0.RELEASE log opened at 2021-06-27 10:47:10
exit
// The H4ckinG4me 1.2.0.RELEASE log closed at 2021-06-27 10:53:42
// The H4ckinG4me 1.2.0.RELEASE log opened at 2021-06-27 10:53:47
exit
// The H4ckinG4me 1.2.0.RELEASE log closed at 2021-06-27 11:07:14
// The H4ckinG4me 1.2.0.RELEASE log opened at 2021-06-27 11:07:40
exit
// The H4ckinG4me 1.2.0.RELEASE log closed at 2021-06-27 11:11:12
// The H4ckinG4me 1.2.0.RELEASE log opened at 2021-06-27 11:11:17
log abc
help
! ls -la
help log
exit
// The H4ckinG4me 1.2.0.RELEASE log closed at 2021-06-27 11:14:45
// The H4ckinG4me 1.2.0.RELEASE log opened at 2021-06-27 11:16:45
system properties
exit
// The H4ckinG4me 1.2.0.RELEASE log closed at 2021-06-27 11:17:15
// The H4ckinG4me 1.2.0.RELEASE log opened at 2021-06-27 11:17:20
system properties
hack
exit
// The H4ckinG4me 1.2.0.RELEASE log closed at 2021-06-27 11:26:09
// The H4ckinG4me 1.2.0.RELEASE log opened at 2021-06-27 11:26:15
exit
// The H4ckinG4me 1.2.0.RELEASE log closed at 2021-06-27 11:28:14
// The H4ckinG4me 1.2.0.RELEASE log opened at 2021-06-27 11:28:20
exit
// The H4ckinG4me 1.2.0.RELEASE log closed at 2021-06-27 23:59:56
// The H4ckinG4me 1.2.0.RELEASE log opened at 2021-06-28 00:01:39
exit
// The H4ckinG4me 1.2.0.RELEASE log closed at 2021-06-28 00:03:06
// The H4ckinG4me 1.2.0.RELEASE log opened at 2021-06-28 00:03:13
exit
// The H4ckinG4me 1.2.0.RELEASE log closed at 2021-06-28 00:24:24
// The H4ckinG4me 1.2.0.RELEASE log opened at 2021-06-28 00:24:28
exit
// The H4ckinG4me 1.2.0.RELEASE log closed at 2021-06-28 00:28:24
// The H4ckinG4me 1.2.0.RELEASE log opened at 2021-06-28 00:28:29
exit
// The H4ckinG4me 1.2.0.RELEASE log closed at 2021-06-28 01:14:38
// The H4ckinG4me 1.2.0.RELEASE log opened at 2021-06-28 01:14:42
exit
// The H4ckinG4me 1.2.0.RELEASE log closed at 2021-06-28 08:24:46
// The H4ckinG4me 1.2.0.RELEASE log opened at 2021-06-28 08:24:53
exit
// The H4ckinG4me 1.2.0.RELEASE log closed at 2021-06-28 08:25:46
// The H4ckinG4me 1.2.0.RELEASE log opened at 2021-06-28 08:25:51
exit
// The H4ckinG4me 1.2.0.RELEASE log closed at 2021-06-28 08:26:41
// The H4ckinG4me 1.2.0.RELEASE log opened at 2021-06-28 08:26:48
exit
// The H4ckinG4me 1.2.0.RELEASE log closed at 2021-06-28 08:28:49
// The H4ckinG4me 1.2.0.RELEASE log opened at 2021-06-28 08:28:54
exit
// The H4ckinG4me 1.2.0.RELEASE log closed at 2021-06-28 08:36:05
// The H4ckinG4me 1.2.0.RELEASE log opened at 2021-06-28 08:36:10
exit
// The H4ckinG4me 1.2.0.RELEASE log closed at 2021-06-28 08:38:28
// The H4ckinG4me 1.2.0.RELEASE log opened at 2021-06-28 08:38:35
exit
// The H4ckinG4me 1.2.0.RELEASE log closed at 2021-06-28 08:40:25
// The H4ckinG4me 1.2.0.RELEASE log opened at 2021-06-28 08:40:30
exit
// The H4ckinG4me 1.2.0.RELEASE log closed at 2021-06-28 08:42:06
// The H4ckinG4me 1.2.0.RELEASE log opened at 2021-06-28 08:42:11
exit
// The H4ckinG4me 1.2.0.RELEASE log closed at 2021-06-28 08:43:04
// The H4ckinG4me 1.2.0.RELEASE log opened at 2021-06-28 08:43:13
exit
// The H4ckinG4me 1.2.0.RELEASE log closed at 2021-06-28 08:48:42
// The H4ckinG4me 1.2.0.RELEASE log opened at 2021-06-28 08:48:47
exit
// The H4ckinG4me 1.2.0.RELEASE log closed at 2021-06-28 08:48:57
// The H4ckinG4me 1.2.0.RELEASE log opened at 2021-06-28 14:43:44
exit
// The H4ckinG4me 1.2.0.RELEASE log closed at 2021-06-28 14:44:44
// The H4ckinG4me 1.2.0.RELEASE log opened at 2021-06-28 14:46:03
exit
// The H4ckinG4me 1.2.0.RELEASE log closed at 2021-06-28 14:48:14
// The H4ckinG4me 1.2.0.RELEASE log opened at 2021-06-28 16:52:15
exit
// The H4ckinG4me 1.2.0.RELEASE log closed at 2021-06-28 16:52:24
// The H4ckinG4me 1.2.0.RELEASE log opened at 2021-06-28 16:52:28
exit
// The H4ckinG4me 1.2.0.RELEASE log closed at 2021-06-28 16:52:32
// The H4ckinG4me 1.2.0.RELEASE log opened at 2021-06-28 16:54:28
// The H4ckinG4me 1.2.0.RELEASE log opened at 2021-06-28 16:54:41
exit
// The H4ckinG4me 1.2.0.RELEASE log closed at 2021-06-28 16:54:50
// The H4ckinG4me 1.2.0.RELEASE log opened at 2021-06-28 16:54:54
exit
// The H4ckinG4me 1.2.0.RELEASE log closed at 2021-06-28 16:54:58
// The H4ckinG4me 1.2.0.RELEASE log opened at 2021-06-28 16:55:50
bye
// The H4ckinG4me 1.2.0.RELEASE log closed at 2021-06-28 16:55:54
// The H4ckinG4me 1.2.0.RELEASE log opened at 2021-06-28 16:56:15
bye
// The H4ckinG4me 1.2.0.RELEASE log closed at 2021-06-28 16:57:11
// The H4ckinG4me 1.2.0.RELEASE log opened at 2021-06-28 16:57:17
// The H4ckinG4me 1.2.0.RELEASE log opened at 2021-06-28 17:01:53
bye
// The H4ckinG4me 1.2.0.RELEASE log closed at 2021-06-28 17:01:58
// The H4ckinG4me 1.2.0.RELEASE log opened at 2021-06-28 17:02:02
// The H4ckinG4me 1.2.0.RELEASE log opened at 2021-06-28 17:02:29
// The H4ckinG4me 1.2.0.RELEASE log opened at 2021-06-28 17:02:39
bye
// The H4ckinG4me 1.2.0.RELEASE log closed at 2021-06-28 17:17:44
// The H4ckinG4me 1.2.0.RELEASE log opened at 2021-06-28 17:17:55
! less ~/etc/hackin/mygame.yaml
exit
// The H4ckinG4me 1.2.0.RELEASE log closed at 2021-06-28 17:18:28
// The H4ckinG4me 1.2.0.RELEASE log opened at 2021-06-29 00:19:10
exit
// The H4ckinG4me 1.2.0.RELEASE log closed at 2021-06-29 00:35:29
// The H4ckinG4me 1.2.0.RELEASE log opened at 2021-06-29 00:35:38
// The H4ckinG4me 1.2.0.RELEASE log opened at 2021-06-29 15:09:35
hack
hack
exit
// The H4ckinG4me 1.2.0.RELEASE log closed at 2021-06-29 23:33:33
// Spring Shell 1.2.0.RELEASE log opened at 2021-06-30 00:40:07
help
exit
// Spring Shell 1.2.0.RELEASE log closed at 2021-06-30 00:40:47
// The H4ckinG4me 1.2.0.RELEASE log opened at 2021-06-30 00:40:52
exit
// The H4ckinG4me 1.2.0.RELEASE log closed at 2021-06-30 00:41:02
// The H4ckinG4me 1.2.0.RELEASE log opened at 2021-06-30 00:42:57
hack
// The H4ckinG4me 1.2.0.RELEASE log opened at 2021-06-30 00:42:57
hack
hack
exit
// The H4ckinG4me 1.2.0.RELEASE log closed at 2021-06-30 00:43:21
// The H4ckinG4me 1.2.0.RELEASE log opened at 2021-06-30 00:44:32
hack
// The H4ckinG4me 1.2.0.RELEASE log opened at 2021-06-30 00:44:32
exit
// The H4ckinG4me 1.2.0.RELEASE log closed at 2021-06-30 00:45:38
// The H4ckinG4me 1.2.0.RELEASE log opened at 2021-06-30 00:45:43
hack
// The H4ckinG4me 1.2.0.RELEASE log opened at 2021-06-30 00:45:43
exit
// The H4ckinG4me 1.2.0.RELEASE log closed at 2021-06-30 00:47:05
// The H4ckinG4me 1.2.0.RELEASE log opened at 2021-06-30 00:47:16
hack
// The H4ckinG4me 1.2.0.RELEASE log opened at 2021-06-30 00:47:16
exit
// The H4ckinG4me 1.2.0.RELEASE log closed at 2021-06-30 00:50:55
// The H4ckinG4me 1.2.0.RELEASE log opened at 2021-06-30 00:51:00
hack
hack
hack
hack
hack
hack
hack
hack
hack
hack
hack
hack
hack
hack
hack
hack
hack
exit
// The H4ckinG4me 1.2.0.RELEASE log closed at 2021-06-30 00:51:08
// The H4ckinG4me 1.2.0.RELEASE log opened at 2021-06-30 00:52:36
hack
hack
hack
hack
hack
hack
hack
hack
hack
hack
hack
hack
hack
hack
hack
hack
hack
hack
hack
hack
hack
hack
hack
hack
hack
hack
hack
hack
hack
hack
hack
hack
hack
hack
hack
hack
hack
hack
hack
hack
hack
hack
hack
hack
hack
hack
hack
hack
hack
hack
hack
hack
hack
hack
hack
hack
hack
hack
hack
hack
hack
hack
hack
hack
hack
hack
hack
hack
hack
hack
hack
hack
hack
hack
hack
hack
hack
hack
hack
hack
hack
hack
hack
hack
hack
hack
hack
hack
hack
hack
hack
hack
hack
hack
hack
hack
hack
hack
hack
hack
hack
hack
hack
hack
hack
hack
hack
hack
hack
hack
hack
hack
hack
hack
hack
hack
hack
hack
hack
hack
hack
hack
hack
hack
hack
hack
hack
hack
hack
hack
hack
hack
hack
hack
hack
hack
hack
hack
hack
hack
hack
hack
hack
hack
hack
hack
hack
hack
hack
hack
hack
hack
hack
hack
hack
hack
hack
hack
hack
hack
hack
hack
hack
hack
hack
hack
hack
hack
hack
hack
hack
hack
hack
hack
hack
exit
// The H4ckinG4me 1.2.0.RELEASE log closed at 2021-06-30 00:54:05
// The H4ckinG4me 1.2.0.RELEASE log opened at 2021-06-30 00:54:09
hack
hack
hack
hack
hack
hack
hack
hack
hack
hack
hack
hack
hack
hack
hack
hack
hack
hack
hack
hack
hack
hack
hack
hack
hack
hack
hack
hack
hack
hack
hack
hack
hack
hack
hack
hack
hack
hack
hack
hack
hack
hack
hack
hack
hack
hack
hack
hack
exit
// The H4ckinG4me 1.2.0.RELEASE log closed at 2021-06-30 00:54:34
// The H4ckinG4me 1.2.0.RELEASE log opened at 2021-06-30 00:58:27
hack
hack
hack
hack
hack
hack
hack
hack
hack
hack
hack
hack
hack
hack
hack
hack
hack
hack
hack
hack
hack
hack
hack
hack
hack
hack
hack
hack
hack
// [failed] hack
hack
hack
hack
hack
hack
hack
hack
hack
hack
hack
hack
hack
hack
hack
hack
hack
hack
hack
hack
hack
hack
hack
hack
hack
hack
exit
// The H4ckinG4me 1.2.0.RELEASE log closed at 2021-06-30 00:58:56
// The H4ckinG4me 1.2.0.RELEASE log opened at 2021-06-30 01:00:56
hack
hack
hack
hack
hack
hack
hack
hack
hack
hack
hack
hack
hack
hack
hack
hack
hack
hack
hack
hack
hack
hack
hack
hack
hack
hack
hack
hack
hack
// [failed] hack
// [failed] hack
// [failed] hack
// [failed] hack
// [failed] hack
// [failed] hack
// [failed] hack
// [failed] hack
// [failed] hack
// [failed] hack
// [failed] hack
// [failed] hack
// [failed] hack
// [failed] hack
// [failed] hack
// [failed] hack
// [failed] hack
// [failed] hack
// [failed] hack
// [failed] hack
// [failed] hack
// [failed] hack
// [failed] hack
// [failed] hack
// [failed] hack
// [failed] hack
// [failed] hack
// [failed] hack
// [failed] hack
// [failed] hack
// [failed] hack
// [failed] hack
// [failed] hack
// [failed] hack
// [failed] hack
// [failed] hack
// [failed] hack
// [failed] hack
// [failed] hack
// [failed] hack
// [failed] hack
// [failed] hack
// [failed] hack
// [failed] hack
// [failed] hack
// [failed] hack
// [failed] hack
// [failed] hack
// [failed] hack
// [failed] hack
// [failed] hack
// [failed] hack
// [failed] hack
// [failed] hack
// [failed] hack
// [failed] hack
// [failed] hack
// [failed] hack
// [failed] hack
// [failed] hack
exit
// The H4ckinG4me 1.2.0.RELEASE log closed at 2021-06-30 01:01:41
// The H4ckinG4me 1.2.0.RELEASE log opened at 2021-06-30 01:03:23
hack
hack
hack
hack
hack
hack
hack
hack
hack
hack
hack
hack
hack
hack
hack
hack
hack
hack
hack
hack
hack
hack
hack
hack
hack
hack
hack
hack
hack
hack
hack
hack
hack
hack
hack
hack
hack
hack
hack
hack
hack
hack
hack
hack
hack
hack
hack
hack
hack
hack
hack
hack
hack
hack
hack
hack
exit
// The H4ckinG4me 1.2.0.RELEASE log closed at 2021-06-30 01:03:58
// The H4ckinG4me 1.2.0.RELEASE log opened at 2021-06-30 01:08:16
hack
hack
hack
hack
hack
hack
hack
hack
hack
hack
hack
hack
hack
hack
hack
hack
hack
hack
hack
hack
hack
hack
hack
hack
hack
hack
hack
hack
hack
hack
hack
hack
hack
hack
hack
hack
hack
hack
hack
hack
hack
hack
hack
hack
hack
hack
hack
hack
hack
hack
hack
hack
hack
hack
hack
hack
hack
hack
hack
hack
hack
hack
hack
hack
hack
hack
hack
hack
hack
hack
hack
hack
hack
hack
hack
hack
hack
hack
hack
hack
hack
hack
hack
hack
hack
exit
// The H4ckinG4me 1.2.0.RELEASE log closed at 2021-06-30 01:08:59
// The H4ckinG4me 1.2.0.RELEASE log opened at 2021-07-01 23:04:23
hack
hack
hack
hack
hack
hack
hack
hack
hack
hack
hack
hack
hack
hack
hack
hack
hack
hack
hack
hack
hack
hack
hack
hack
hack
hack
hack
hack
hack
hack
hack
hack
hack
hack
hack
hack
hack
hack
hack
exit
// The H4ckinG4me 1.2.0.RELEASE log closed at 2021-07-01 23:04:44
// The H4ckinG4me 1.2.0.RELEASE log opened at 2021-07-01 23:28:45
hack
hack
hack
hack
hack
hack
hack
hack
hack
hack
learn 1
hack
hack
hack
hack
hack
hack
hack
hack
hack
hack
hack
hack
hack
hack
hack
hack
hack
hack
hack
hack
learn 1
hack
hack
hack
hack
learn 1
hack
hack
hack
hack
learn 1
hack
hack
hack
hack
learn 1
hack
hack
hack
learn 1
hack
hack
hack
hack
hack
hack
hack
hack
hack
learn 1
hack
hack
hack
hack
hack
learn 1
hack
hack
hack
hack
hack
hack
hack
hack
hack
hack
hack
hack
hack
hack
hack
hack
hack
hack
hack
hack
hack
hack
hack
hack
hack
hack
hack
hack
hack
hack
hack
hack
hack
hack
hack
hack
hack
hack
hack
hack
hack
hack
hack
hack
hack
hack
hack
hack
hack
hack
hack
hack
hack
hack
hack
hack
hack
hack
hack
hack
hack
hack
hack
hack
hack
hack
hack
hack
hack
hack
hack
hack
hack
hack
hack
hack
hack
hack
hack
hack
hack
hack
hack
hack
hack
hack
hack
hack
hack
hack
hack
hack
hack
hack
hack
hack
hack
hack
hack
hack
hack
hack
hack
hack
hack
hack
hack
hack
hack
hack
hack
hack
hack
hack
hack
hack
hack
hack
hack
hack
hack
hack
hack
hack
hack
hack
hack
hack
hack
hack
hack
hack
hack
hack
hack
hack
hack
hack
hack
hack
hack
hack
hack
hack
hack
hack
hack
hack
hack
hack
hack
hack
hack
hack
hack
hack
hack
hack
hack
hack
hack
hack
hack
hack
hack
hack
hack
hack
hack
hack
hack
hack
hack
hack
hack
exit
// The H4ckinG4me 1.2.0.RELEASE log closed at 2021-07-01 23:30:45
// The H4ckinG4me 1.2.0.RELEASE log opened at 2021-07-01 23:30:51
hack
hack
hack
hack
hack
hack
hack
learn 1
hack
hack
hack
hack
learn 1
hack
hack
hack
hack
learn 1
hack
hack
hack
hack
learn 1
hack
hack
learn 1
hack
hack
learn 1
hack
hack
hack
hack
hack
hack
hack
hack
hack
hack
hack
hack
hack
hack
hack
hack
hack
hack
hack
hack
hack
hack
hack
hack
hack
hack
hack
hack
hack
hack
hack
hack
hack
hack
hack
hack
hack
hack
hack
hack
hack
hack
hack
hack
hack
hack
hack
hack
hack
hack
hack
hack
hack
hack
hack
hack
hack
hack
hack
hack
hack
hack
hack
hack
hack
hack
hack
hack
hack
hack
hack
hack
hack
hack
hack
hack
hack
hack
hack
hack
hack
hack
hack
hack
hack
hack
hack
hack
hack
hack
hack
hack
hack
hack
hack
hack
hack
hack
hack
hack
hack
hack
hack
hack
hack
hack
hack
hack
hack
hack
hack
hack
hack
hack
hack
hack
hack
hack
hack
hack
hack
hack
hack
hack
hack
hack
hack
hack
hack
hack
hack
hack
hack
hack
hack
hack
hack
hack
hack
hack
hack
hack
hack
hack
hack
hack
hack
hack
hack
hack
hack
hack
hack
hack
hack
hack
hack
hack
hack
hack
hack
hack
hack
hack
hack
hack
hack
hack
hack
hack
hack
hack
hack
hack
hack
hack
hack
hack
hack
hack
hack
hack
hack
hack
hack
hack
hack
hack
hack
hack
hack
hack
hack
hack
hack
hack
hack
hack
hack
hack
hack
hack
hack
hack
hack
hack
hack
hack
hack
hack
hack
hack
hack
hack
hack
hack
hack
hack
hack
hack
hack
hack
hack
hack
hack
hack
hack
hack
hack
hack
hack
hack
hack
hack
hack
hack
hack
hack
hack
hack
hack
hack
hack
hack
hack
hack
hack
hack
hack
hack
hack
hack
hack
hack
hack
hack
hack
hack
hack
hack
hack
hack
hack
hack
hack
hack
hack
hack
hack
hack
hack
hack
hack
hack
hack
hack
hack
hack
hack
hack
hack
hack
hack
hack
hack
hack
hack
hack
hack
hack
hack
hack
hack
hack
hack
hack
hack
hack
hack
hack
hack
hack
hack
hack
hack
hack
hack
hack
hack
hack
hack
hack
hack
hack
hack
hack
hack
hack
hack
hack
hack
hack
hack
hack
hack
hack
hack
hack
hack
hack
hack
hack
hack
hack
hack
hack
hack
hack
hack
hack
hack
hack
hack
hack
hack
hack
hack
hack
hack
hack
hack
hack
hack
hack
hack
hack
hack
hack
hack
hack
hack
hack
hack
hack
hack
hack
hack
hack
hack
hack
hack
hack
hack
hack
hack
hack
hack
hack
hack
hack
hack
hack
hack
hack
hack
hack
hack
hack
hack
hack
hack
hack
hack
hack
hack
hack
hack
hack
hack
hack
hack
hack
hack
hack
hack
hack
hack
hack
hack
hack
hack
hack
hack
hack
hack
hack
hack
hack
hack
hack
hack
hack
hack
hack
hack
hack
hack
hack
hack
hack
hack
hack
hack
hack
hack
hack
hack
hack
hack
hack
hack
hack
hack
hack
hack
hack
hack
hack
hack
hack
hack
hack
hack
hack
hack
hack
hack
hack
hack
hack
hack
hack
hack
hack
hack
hack
hack
hack
hack
hack
hack
hack
hack
hack
hack
hack
hack
hack
hack
hack
hack
hack
hack
hack
hack
hack
hack
hack
hack
hack
hack
hack
hack
hack
hack
hack
hack
hack
hack
hack
hack
hack
hack
hack
hack
hack
hack
hack
hack
hack
hack
hack
hack
hack
hack
hack
hack
hack
hack
hack
hack
hack
hack
hack
hack
hack
hack
hack
hack
hack
hack
hack
hack
hack
hack
hack
hack
hack
hack
hack
hack
hack
hack
hack
hack
hack
hack
hack
hack
hack
hack
hack
hack
hack
hack
hack
hack
hack
hack
hack
hack
hack
hack
hack
hack
hack
hack
hack
hack
hack
hack
hack
hack
hack
hack
hack
hack
hack
hack
hack
hack
hack
hack
hack
hack
hack
hack
hack
hack
hack
hack
hack
hack
hack
hack
hack
hack
hack
hack
hack
hack
hack
hack
hack
hack
hack
hack
hack
hack
hack
hack
hack
hack
hack
hack
hack
hack
hack
hack
hack
hack
hack
hack
hack
hack
hack
hack
hack
hack
hack
hack
hack
hack
hack
hack
hack
hack
hack
hack
hack
hack
hack
hack
hack
hack
hack
hack
hack
hack
hack
hack
hack
hack
hack
hack
hack
hack
hack
hack
hack
hack
hack
hack
hack
hack
hack
hack
hack
hack
hack
hack
hack
hack
hack
hack
hack
hack
hack
hack
hack
hack
hack
hack
hack
hack
hack
hack
hack
hack
hack
hack
hack
hack
hack
hack
hack
hack
hack
hack
hack
hack
hack
hack
hack
hack
hack
hack
hack
hack
hack
hack
hack
hack
hack
hack
hack
hack
hack
hack
hack
hack
hack
hack
hack
hack
hack
hack
hack
hack
hack
hack
hack
hack
hack
hack
hack
hack
hack
hack
hack
hack
hack
hack
hack
hack
hack
hack
hack
hack
hack
hack
hack
hack
hack
hack
hack
hack
hack
hack
hack
hack
hack
hack
hack
hack
hack
hack
hack
hack
hack
hack
hack
hack
hack
hack
hack
hack
hack
hack
hack
hack
hack
hack
hack
hack
hack
hack
hack
hack
hack
hack
hack
hack
hack
hack
hack
hack
hack
hack
hack
hack
hack
hack
hack
hack
hack
hack
hack
hack
hack
hack
hack
hack
hack
hack
hack
hack
hack
hack
hack
hack
hack
hack
hack
hack
hack
hack
hack
hack
hack
hack
hack
hack
hack
hack
hack
hack
hack
hack
hack
hack
hack
hack
hack
hack
hack
hack
hack
hack
hack
hack
hack
hack
hack
hack
hack
hack
hack
hack
hack
hack
hack
hack
hack
hack
hack
hack
hack
hack
hack
hack
hack
hack
hack
hack
hack
hack
hack
hack
hack
hack
hack
hack
hack
hack
hack
hack
hack
hack
hack
hack
hack
hack
hack
hack
hack
hack
hack
hack
hack
hack
hack
hack
hack
hack
hack
hack
hack
hack
hack
hack
hack
hack
hack
hack
hack
hack
hack
hack
hack
hack
hack
hack
hack
hack
hack
hack
hack
hack
hack
hack
hack
hack
hack
hack
hack
hack
hack
hack
hack
hack
hack
hack
hack
hack
hack
hack
hack
hack
hack
hack
hack
hack
hack
hack
hack
hack
hack
hack
hack
hack
hack
hack
hack
hack
hack
hack
hack
hack
hack
hack
hack
hack
hack
hack
hack
hack
hack
hack
hack
hack
hack
hack
hack
hack
hack
hack
hack
hack
hack
hack
hack
hack
hack
hack
hack
hack
hack
hack
hack
hack
hack
hack
hack
hack
hack
hack
hack
hack
hack
hack
hack
hack
hack
hack
hack
hack
hack
hack
hack
hack
hack
hack
hack
hack
hack
hack
hack
hack
hack
hack
hack
hack
hack
hack
hack
hack
hack
hack
hack
hack
hack
hack
hack
hack
hack
hack
hack
hack
hack
hack
hack
hack
hack
hack
hack
hack
hack
hack
hack
hack
hack
hack
hack
hack
hack
hack
hack
hack
hack
hack
hack
hack
hack
hack
hack
hack
hack
hack
hack
hack
hack
hack
hack
hack
hack
hack
hack
hack
hack
hack
hack
hack
hack
hack
hack
hack
hack
hack
hack
hack
hack
hack
hack
hack
hack
hack
hack
hack
hack
hack
hack
hack
hack
hack
hack
hack
hack
hack
hack
hack
hack
hack
hack
hack
hack
hack
hack
hack
hack
hack
hack
hack
hack
hack
hack
hack
hack
hack
hack
hack
hack
hack
hack
hack
hack
hack
hack
hack
hack
hack
hack
hack
hack
hack
hack
hack
hack
hack
hack
hack
hack
hack
hack
hack
hack
hack
hack
hack
hack
hack
hack
hack
hack
hack
hack
hack
hack
hack
hack
hack
hack
hack
hack
hack
hack
hack
hack
hack
hack
hack
hack
hack
hack
hack
hack
hack
hack
hack
hack
hack
hack
hack
hack
hack
hack
hack
hack
hack
hack
hack
hack
hack
hack
hack
hack
hack
hack
hack
hack
hack
hack
hack
hack
hack
hack
hack
hack
hack
hack
hack
hack
hack
hack
hack
hack
hack
hack
hack
hack
hack
hack
hack
hack
hack
hack
hack
hack
hack
hack
hack
hack
hack
hack
hack
hack
hack
hack
hack
hack
hack
hack
hack
hack
hack
hack
hack
hack
hack
hack
hack
hack
hack
hack
hack
hack
hack
hack
hack
hack
hack
hack
hack
hack
hack
hack
hack
hack
hack
hack
hack
hack
hack
hack
hack
hack
hack
hack
hack
hack
hack
hack
hack
hack
hack
hack
hack
hack
hack
hack
hack
hack
hack
hack
hack
hack
hack
hack
hack
hack
hack
hack
hack
hack
hack
hack
hack
hack
hack
hack
hack
hack
hack
hack
hack
hack
hack
hack
hack
hack
hack
hack
hack
hack
hack
hack
hack
hack
hack
hack
hack
hack
hack
hack
hack
hack
hack
hack
hack
hack
hack
hack
hack
hack
hack
hack
hack
hack
hack
hack
hack
hack
hack
hack
hack
hack
hack
hack
hack
hack
hack
hack
hack
hack
hack
hack
hack
hack
hack
hack
hack
hack
hack
hack
hack
hack
hack
hack
hack
hack
hack
hack
hack
hack
hack
hack
hack
hack
hack
hack
hack
hack
hack
hack
hack
hack
hack
hack
hack
hack
hack
hack
hack
hack
hack
hack
hack
hack
hack
hack
hack
hack
hack
hack
hack
hack
hack
hack
hack
hack
hack
hack
hack
hack
hack
hack
hack
hack
hack
hack
hack
hack
hack
hack
hack
hack
hack
hack
hack
hack
hack
hack
hack
hack
hack
hack
hack
hack
hack
hack
hack
hack
hack
hack
hack
hack
hack
hack
hack
hack
hack
hack
hack
hack
hack
hack
hack
hack
hack
hack
hack
hack
hack
hack
hack
hack
hack
hack
hack
hack
hack
hack
hack
hack
hack
hack
hack
hack
hack
hack
hack
hack
hack
hack
hack
hack
hack
hack
hack
hack
hack
hack
hack
hack
hack
hack
hack
hack
hack
hack
hack
hack
hack
hack
hack
hack
hack
hack
hack
hack
hack
hack
hack
hack
hack
hack
hack
hack
hack
hack
hack
hack
hack
hack
hack
hack
hack
hack
hack
hack
hack
hack
hack
hack
hack
hack
hack
hack
hack
hack
hack
hack
hack
hack
hack
hack
hack
hack
hack
hack
hack
hack
hack
hack
hack
hack
hack
hack
hack
hack
hack
hack
hack
hack
hack
hack
hack
hack
hack
hack
hack
hack
hack
hack
hack
hack
hack
hack
hack
hack
hack
hack
hack
hack
hack
hack
hack
hack
hack
hack
hack
hack
hack
hack
hack
hack
hack
hack
hack
hack
hack
hack
hack
hack
hack
hack
hack
hack
hack
hack
hack
hack
hack
hack
hack
hack
hack
hack
hack
hack
hack
hack
hack
hack
hack
hack
hack
hack
hack
hack
hack
hack
hack
hack
hack
hack
hack
hack
hack
hack
hack
hack
hack
hack
hack
hack
hack
hack
hack
hack
hack
hack
hack
hack
hack
hack
hack
hack
hack
hack
hack
hack
hack
hack
hack
hack
hack
hack
hack
hack
hack
hack
hack
hack
hack
hack
hack
hack
hack
hack
hack
hack
hack
hack
hack
hack
hack
hack
hack
hack
hack
hack
hack
hack
hack
hack
hack
hack
hack
hack
hack
hack
hack
hack
hack
hack
hack
hack
hack
hack
hack
hack
hack
hack
hack
hack
hack
hack
hack
hack
hack
hack
hack
hack
hack
hack
hack
hack
hack
hack
hack
hack
hack
hack
hack
hack
hack
hack
hack
hack
hack
hack
hack
hack
hack
hack
hack
hack
hack
hack
hack
hack
hack
hack
hack
hack
hack
hack
hack
hack
hack
hack
hack
hack
hack
hack
hack
hack
hack
hack
hack
hack
hack
hack
hack
hack
hack
hack
hack
hack
hack
hack
hack
hack
hack
hack
hack
hack
hack
hack
hack
hack
hack
hack
hack
hack
hack
hack
hack
hack
hack
hack
hack
hack
hack
hack
hack
hack
hack
hack
hack
hack
hack
hack
hack
hack
hack
hack
hack
hack
hack
hack
hack
hack
hack
hack
hack
hack
hack
hack
hack
hack
hack
hack
hack
hack
hack
hack
hack
hack
hack
hack
hack
hack
hack
hack
hack
hack
hack
hack
hack
hack
hack
hack
hack
hack
hack
hack
hack
hack
hack
hack
hack
hack
hack
hack
hack
hack
hack
hack
hack
hack
hack
hack
hack
hack
hack
hack
hack
hack
hack
hack
hack
hack
hack
hack
hack
hack
hack
hack
hack
hack
hack
hack
hack
hack
hack
hack
hack
hack
hack
hack
hack
hack
hack
hack
hack
hack
hack
hack
hack
hack
hack
hack
hack
hack
hack
hack
hack
hack
hack
hack
hack
hack
hack
hack
hack
hack
hack
hack
hack
hack
hack
hack
hack
hack
hack
hack
hack
hack
hack
hack
hack
hack
hack
hack
hack
hack
hack
hack
hack
hack
hack
hack
hack
hack
hack
hack
hack
hack
hack
hack
hack
hack
hack
hack
hack
hack
hack
hack
hack
hack
hack
hack
hack
hack
hack
hack
hack
hack
hack
hack
hack
hack
hack
hack
hack
hack
hack
hack
hack
hack
hack
hack
hack
hack
hack
hack
hack
hack
hack
hack
hack
hack
hack
hack
hack
hack
hack
hack
hack
hack
hack
hack
hack
hack
hack
hack
hack
hack
hack
hack
hack
hack
hack
hack
hack
hack
hack
hack
hack
hack
hack
hack
hack
hack
hack
hack
hack
hack
hack
hack
hack
hack
hack
hack
hack
hack
hack
hack
hack
hack
hack
hack
hack
hack
hack
hack
hack
hack
hack
hack
hack
hack
hack
hack
hack
hack
hack
hack
hack
hack
hack
hack
hack
hack
hack
hack
hack
hack
hack
hack
hack
hack
hack
hack
hack
hack
hack
hack
hack
hack
hack
hack
hack
hack
hack
hack
hack
hack
hack
hack
hack
hack
hack
hack
hack
hack
hack
hack
hack
hack
hack
hack
hack
hack
hack
hack
hack
hack
hack
hack
hack
hack
hack
hack
hack
hack
hack
hack
hack
hack
hack
hack
hack
hack
hack
hack
hack
hack
hack
hack
hack
hack
hack
hack
hack
hack
hack
hack
hack
hack
hack
hack
hack
hack
hack
hack
hack
hack
hack
hack
hack
hack
hack
hack
hack
hack
hack
hack
hack
hack
hack
hack
hack
hack
hack
hack
hack
hack
hack
hack
hack
hack
hack
hack
hack
hack
hack
hack
hack
hack
hack
hack
hack
hack
hack
hack
hack
hack
hack
hack
hack
hack
hack
hack
hack
hack
hack
hack
hack
hack
hack
hack
hack
hack
hack
hack
hack
hack
hack
hack
hack
hack
hack
hack
hack
hack
hack
hack
hack
hack
hack
hack
hack
hack
hack
hack
hack
hack
hack
hack
hack
hack
hack
hack
hack
hack
hack
hack
hack
hack
hack
hack
hack
hack
hack
hack
hack
hack
hack
hack
hack
hack
hack
hack
hack
hack
hack
hack
hack
hack
hack
hack
hack
hack
hack
hack
hack
hack
hack
hack
hack
hack
hack
hack
hack
hack
hack
hack
hack
hack
hack
hack
hack
hack
hack
hack
hack
hack
hack
hack
hack
hack
hack
hack
hack
hack
hack
hack
hack
hack
hack
hack
hack
hack
hack
hack
hack
hack
hack
hack
hack
hack
hack
hack
hack
hack
hack
hack
hack
hack
hack
hack
hack
hack
hack
hack
hack
hack
hack
hack
hack
hack
hack
hack
hack
hack
hack
hack
hack
hack
hack
hack
hack
hack
hack
hack
hack
hack
hack
hack
hack
hack
hack
hack
hack
hack
hack
hack
hack
hack
hack
hack
hack
hack
hack
hack
hack
hack
hack
hack
hack
hack
hack
hack
hack
hack
hack
hack
hack
hack
hack
hack
hack
hack
hack
hack
hack
hack
hack
hack
hack
hack
hack
hack
hack
hack
hack
hack
hack
hack
hack
hack
hack
hack
hack
hack
hack
hack
hack
hack
hack
hack
hack
hack
hack
hack
hack
hack
hack
hack
hack
hack
hack
hack
hack
hack
hack
hack
hack
hack
hack
hack
hack
hack
hack
hack
hack
hack
hack
hack
hack
hack
hack
hack
hack
hack
hack
hack
hack
hack
hack
hack
hack
hack
hack
hack
hack
hack
hack
hack
hack
hack
hack
hack
hack
hack
hack
hack
hack
hack
hack
hack
hack
hack
hack
hack
hack
hack
hack
hack
hack
hack
hack
hack
hack
hack
hack
hack
hack
hack
hack
hack
hack
hack
hack
hack
hack
hack
hack
hack
hack
hack
hack
hack
hack
hack
hack
hack
hack
hack
hack
hack
hack
hack
hack
hack
hack
hack
hack
hack
hack
hack
hack
hack
hack
hack
hack
hack
hack
hack
hack
hack
hack
hack
hack
hack
hack
hack
hack
hack
hack
hack
hack
hack
hack
hack
hack
hack
hack
hack
hack
hack
hack
hack
hack
hack
hack
hack
hack
hack
hack
hack
hack
hack
hack
hack
hack
hack
hack
hack
hack
hack
hack
hack
hack
hack
hack
hack
hack
hack
hack
hack
hack
hack
hack
hack
hack
hack
hack
hack
hack
hack
hack
hack
hack
hack
hack
hack
hack
hack
hack
hack
hack
hack
hack
hack
hack
hack
hack
hack
hack
hack
hack
hack
hack
hack
hack
hack
hack
hack
hack
hack
hack
hack
hack
hack
hack
hack
hack
hack
hack
hack
hack
hack
hack
hack
hack
hack
hack
hack
hack
hack
hack
hack
hack
hack
hack
hack
hack
hack
hack
hack
hack
hack
hack
hack
hack
hack
hack
hack
hack
hack
hack
hack
hack
hack
hack
hack
hack
hack
hack
hack
hack
hack
hack
hack
hack
hack
hack
hack
hack
hack
hack
hack
hack
hack
hack
hack
hack
hack
hack
hack
hack
hack
hack
hack
hack
hack
hack
hack
hack
hack
hack
hack
hack
hack
hack
hack
hack
hack
hack
hack
hack
hack
hack
hack
hack
hack
hack
hack
hack
hack
hack
hack
hack
hack
hack
hack
hack
hack
hack
hack
hack
hack
hack
hack
hack
hack
hack
hack
hack
hack
hack
hack
hack
hack
hack
hack
hack
hack
hack
hack
hack
hack
hack
hack
hack
hack
hack
hack
hack
hack
hack
hack
hack
hack
hack
hack
hack
hack
hack
hack
hack
hack
hack
hack
hack
hack
hack
hack
hack
hack
hack
hack
hack
hack
hack
hack
hack
hack
hack
hack
hack
hack
hack
hack
hack
hack
hack
hack
hack
hack
hack
hack
hack
hack
hack
hack
hack
hack
hack
hack
hack
hack
hack
hack
hack
hack
hack
hack
hack
hack
hack
hack
hack
hack
hack
hack
hack
hack
hack
hack
hack
hack
hack
hack
hack
hack
hack
hack
hack
hack
hack
hack
hack
hack
hack
hack
hack
hack
hack
hack
hack
hack
hack
hack
hack
hack
hack
hack
hack
hack
hack
hack
hack
hack
hack
hack
hack
hack
hack
hack
hack
hack
hack
hack
hack
hack
hack
hack
hack
hack
hack
hack
hack
hack
hack
hack
hack
hack
hack
hack
hack
hack
hack
hack
hack
hack
hack
hack
hack
hack
hack
hack
hack
hack
hack
hack
hack
hack
hack
hack
hack
hack
hack
hack
hack
hack
hack
hack
hack
hack
hack
hack
hack
hack
hack
hack
hack
hack
hack
hack
hack
hack
hack
hack
hack
hack
hack
hack
hack
hack
hack
hack
hack
hack
hack
hack
hack
hack
hack
hack
hack
hack
hack
hack
hack
hack
hack
hack
hack
hack
hack
hack
hack
hack
hack
hack
hack
hack
hack
hack
hack
hack
hack
hack
hack
hack
hack
hack
hack
hack
hack
hack
hack
hack
hack
hack
hack
hack
hack
hack
hack
hack
hack
hack
hack
hack
hack
hack
hack
hack
hack
hack
hack
hack
hack
hack
hack
hack
hack
hack
hack
hack
hack
hack
hack
hack
hack
hack
hack
hack
hack
hack
hack
hack
hack
hack
hack
hack
hack
hack
hack
hack
hack
hack
hack
hack
hack
hack
hack
hack
hack
hack
hack
hack
hack
hack
hack
hack
hack
hack
hack
hack
hack
hack
hack
hack
hack
hack
hack
hack
hack
hack
hack
hack
hack
hack
hack
hack
hack
hack
hack
hack
hack
hack
hack
hack
hack
hack
hack
hack
hack
hack
hack
hack
hack
hack
hack
hack
hack
hack
hack
hack
hack
hack
hack
hack
hack
hack
hack
hack
hack
hack
hack
hack
hack
hack
hack
hack
hack
hack
hack
hack
hack
hack
hack
hack
hack
hack
hack
hack
hack
hack
hack
hack
hack
hack
hack
hack
hack
hack
hack
hack
hack
hack
hack
hack
hack
hack
hack
hack
hack
hack
hack
hack
hack
hack
hack
hack
hack
hack
hack
hack
hack
hack
hack
hack
hack
hack
hack
hack
hack
hack
hack
hack
hack
hack
hack
hack
hack
hack
hack
hack
hack
hack
hack
hack
hack
hack
hack
hack
hack
hack
hack
hack
hack
hack
hack
hack
hack
hack
hack
hack
hack
hack
hack
hack
hack
hack
hack
hack
hack
hack
hack
hack
hack
hack
hack
hack
hack
hack
hack
hack
hack
hack
hack
hack
hack
hack
hack
hack
hack
hack
hack
hack
hack
hack
hack
hack
hack
hack
hack
hack
hack
hack
hack
hack
hack
hack
hack
hack
hack
hack
hack
hack
hack
hack
hack
hack
hack
hack
hack
hack
hack
hack
hack
hack
hack
hack
hack
hack
hack
hack
hack
hack
hack
hack
hack
hack
hack
hack
hack
hack
hack
hack
hack
hack
hack
hack
hack
hack
hack
hack
hack
hack
hack
hack
hack
hack
hack
hack
hack
hack
hack
hack
hack
hack
hack
hack
hack
hack
hack
hack
hack
hack
hack
hack
hack
hack
hack
hack
hack
hack
hack
hack
hack
hack
hack
hack
hack
hack
hack
hack
hack
hack
hack
hack
hack
hack
hack
hack
hack
hack
hack
hack
hack
hack
hack
hack
hack
hack
hack
hack
hack
hack
hack
hack
hack
hack
hack
hack
hack
hack
hack
hack
hack
hack
hack
hack
hack
hack
hack
hack
hack
hack
hack
hack
hack
hack
hack
hack
hack
hack
hack
hack
hack
hack
hack
hack
hack
hack
hack
hack
hack
hack
hack
hack
hack
hack
hack
hack
hack
hack
hack
hack
hack
hack
hack
hack
hack
hack
hack
hack
hack
hack
hack
hack
hack
hack
hack
hack
hack
hack
hack
hack
hack
hack
hack
hack
hack
hack
hack
hack
hack
hack
hack
hack
hack
hack
hack
hack
hack
hack
hack
hack
hack
hack
hack
hack
hack
hack
hack
hack
hack
hack
hack
hack
hack
hack
hack
hack
hack
hack
hack
hack
hack
hack
hack
hack
hack
hack
hack
hack
hack
hack
hack
hack
hack
hack
hack
hack
hack
hack
hack
hack
hack
hack
hack
hack
hack
hack
hack
hack
hack
hack
hack
hack
hack
hack
hack
hack
hack
hack
hack
hack
hack
hack
hack
hack
hack
hack
hack
hack
hack
hack
hack
hack
hack
hack
hack
hack
hack
hack
hack
hack
hack
hack
hack
hack
hack
hack
hack
hack
hack
hack
hack
hack
hack
exit
// The H4ckinG4me 1.2.0.RELEASE log closed at 2021-07-02 05:23:59
// The H4ckinG4me 1.2.0.RELEASE log opened at 2021-07-05 23:01:05
hack
hack
hack
hack
hack
hack
hack
hack
hack
hack
hack
hack
hack
hack
hack
hack
hack
hack
hack
hack
hack
hack
hack
hack
hack
hack
hack
hack
hack
hack
hack
hack
hack
hack
hack
hack
hack
hack
hack
hack
hack
hack
hack
hack
hack
hack
hack
hack
hack
hack
hack
hack
hack
hack
hack
hack
hack
hack
hack
hack
hack
hack
hack
hack
hack
hack
hack
hack
hack
hack
hack
hack
hack
hack
hack
hack
hack
hack
hack
hack
hack
hack
hack
hack
hack
hack
hack
hack
hack
hack
hack
hack
hack
hack
hack
hack
hack
learn 1
hack
hack
hack
hack
hack
hack
hack
hack
learn 1
hack
hack
hack
hack
hack
learn 1
hack
hack
hack
learn 1
hack
hack
hack
hack
hack
learn 1
hack
hack
hack
learn 1
hack
hack
hack
learn 1
hack
hack
hack
learn 1
hack
hack
hack
learn 1
hack
hack
hack
hack
hack
hack
hack
hack
hack
hack
hack
hack
hack
hack
hack
hack
hack
hack
hack
hack
hack
hack
hack
hack
hack
hack
hack
hack
hack
hack
hack
hack
hack
hack
hack
hack
hack
hack
hack
hack
hack
hack
hack
hack
hack
hack
hack
hack
hack
hack
hack
hack
hack
hack
hack
hack
hack
hack
hack
hack
hack
hack
hack
hack
hack
hack
hack
hack
hack
hack
hack
hack
hack
hack
hack
hack
hack
hack
hack
hack
hack
hack
hack
hack
hack
hack
hack
hack
hack
hack
hack
hack
hack
hack
hack
hack
hack
hack
hack
hack
hack
hack
hack
hack
hack
hack
hack
hack
hack
hack
hack
hack
hack
hack
hack
hack
hack
hack
hack
hack
hack
hack
hack
hack
hack
hack
hack
hack
hack
hack
hack
hack
hack
hack
hack
hack
hack
hack
hack
hack
hack
hack
hack
hack
hack
hack
hack
hack
hack
hack
hack
hack
hack
hack
hack
hack
hack
hack
hack
hack
hack
hack
hack
hack
hack
hack
hack
hack
hack
hack
hack
hack
hack
hack
hack
hack
hack
hack
hack
hack
hack
hack
hack
hack
hack
hack
hack
hack
hack
hack
hack
hack
hack
hack
hack
hack
hack
hack
hack
hack
hack
hack
hack
hack
hack
hack
hack
hack
hack
hack
hack
hack
hack
hack
hack
hack
hack
hack
hack
hack
hack
hack
hack
hack
hack
hack
hack
hack
hack
hack
hack
hack
hack
hack
hack
hack
hack
hack
hack
hack
hack
hack
hack
hack
hack
hack
hack
hack
hack
hack
hack
hack
hack
hack
hack
hack
hack
hack
hack
hack
hack
hack
hack
hack
hack
hack
hack
hack
hack
hack
hack
hack
hack
hack
hack
hack
hack
hack
hack
hack
hack
hack
hack
hack
hack
hack
hack
hack
hack
hack
hack
hack
hack
hack
hack
hack
hack
hack
hack
hack
hack
hack
hack
hack
hack
hack
hack
hack
hack
hack
hack
hack
hack
hack
hack
hack
hack
hack
hack
hack
hack
hack
hack
hack
hack
hack
hack
hack
hack
hack
hack
hack
hack
hack
hack
hack
hack
hack
hack
hack
hack
hack
hack
hack
hack
hack
hack
hack
hack
hack
hack
hack
hack
hack
hack
hack
hack
hack
hack
hack
hack
hack
hack
hack
hack
hack
hack
hack
hack
hack
hack
hack
hack
hack
hack
hack
hack
hack
hack
hack
hack
hack
hack
hack
hack
hack
hack
hack
hack
hack
hack
hack
hack
hack
hack
hack
hack
hack
hack
hack
hack
hack
hack
hack
hack
hack
hack
hack
hack
hack
hack
hack
hack
hack
hack
hack
hack
hack
hack
hack
hack
hack
hack
hack
hack
hack
hack
hack
hack
hack
hack
hack
hack
hack
hack
hack
hack
hack
hack
hack
hack
hack
hack
hack
hack
hack
hack
hack
hack
hack
hack
hack
hack
hack
hack
hack
hack
hack
hack
hack
hack
hack
hack
hack
hack
hack
hack
hack
hack
hack
hack
hack
hack
hack
hack
hack
hack
hack
hack
hack
hack
hack
hack
hack
hack
hack
hack
hack
hack
hack
hack
hack
hack
hack
hack
hack
hack
hack
hack
hack
hack
hack
hack
hack
hack
hack
hack
hack
hack
hack
hack
hack
hack
hack
hack
hack
hack
hack
hack
hack
hack
hack
hack
hack
hack
hack
hack
hack
hack
hack
hack
hack
hack
hack
hack
hack
hack
hack
hack
hack
hack
hack
hack
hack
hack
hack
hack
hack
hack
hack
hack
hack
hack
hack
hack
hack
hack
hack
hack
hack
hack
hack
hack
hack
hack
hack
hack
hack
hack
hack
hack
hack
hack
hack
hack
hack
hack
hack
hack
hack
hack
hack
hack
hack
hack
hack
hack
hack
hack
hack
hack
hack
hack
hack
hack
hack
hack
hack
hack
hack
hack
hack
hack
hack
hack
hack
hack
hack
hack
hack
hack
hack
hack
hack
hack
hack
hack
hack
hack
hack
hack
hack
hack
hack
hack
hack
hack
hack
hack
hack
hack
hack
hack
hack
hack
hack
hack
hack
hack
hack
hack
hack
hack
hack
hack
hack
hack
hack
hack
hack
hack
hack
hack
hack
hack
hack
hack
hack
hack
hack
hack
hack
hack
hack
hack
hack
hack
hack
hack
hack
hack
hack
hack
hack
hack
hack
hack
hack
hack
hack
hack
hack
hack
hack
hack
hack
hack
hack
hack
hack
hack
hack
hack
hack
hack
hack
hack
hack
hack
hack
hack
hack
hack
hack
hack
hack
hack
learn 1
hack
hack
hack
hack
hack
hack
hack
hack
exit
// The H4ckinG4me 1.2.0.RELEASE log closed at 2021-07-05 23:08:12
hack
// The H4ckinG4me 1.2.0.RELEASE log opened at 2021-07-05 23:08:18
hack
hack
hack
hack
hack
hack
hack
hack
hack
learn 1
hack
hack
hack
hack
hack
hack
hack
hack
hack
hack
hack
hack
hack
hack
hack
hack
hack
hack
hack
hack
hack
hack
hack
hack
hack
hack
hack
hack
hack
hack
hack
hack
hack
hack
hack
hack
hack
hack
hack
hack
hack
hack
hack
hack
hack
hack
hack
hack
hack
hack
hack
hack
hack
hack
hack
hack
hack
hack
hack
hack
hack
hack
hack
hack
hack
hack
hack
hack
hack
hack
hack
hack
hack
hack
hack
hack
hack
hack
hack
hack
hack
hack
hack
hack
hack
hack
hack
hack
hack
hack
hack
hack
hack
hack
hack
hack
hack
hack
hack
hack
hack
hack
hack
hack
hack
hack
hack
hack
hack
hack
hack
hack
hack
hack
hack
hack
hack
hack
hack
hack
hack
hack
hack
hack
hack
hack
hack
hack
hack
hack
hack
hack
hack
hack
hack
hack
hack
hack
hack
hack
hack
hack
hack
hack
hack
hack
hack
hack
hack
hack
hack
hack
hack
hack
hack
hack
hack
hack
hack
hack
hack
hack
hack
hack
hack
hack
hack
hack
hack
hack
hack
hack
hack
hack
hack
hack
hack
hack
hack
hack
hack
hack
hack
hack
hack
hack
hack
hack
hack
hack
hack
hack
hack
hack
hack
hack
hack
hack
hack
hack
hack
hack
hack
hack
hack
hack
hack
hack
hack
hack
hack
hack
hack
hack
hack
hack
hack
hack
hack
hack
hack
hack
hack
hack
hack
hack
hack
hack
hack
hack
hack
hack
hack
hack
hack
hack
hack
hack
hack
hack
hack
hack
hack
hack
hack
hack
hack
hack
hack
hack
hack
hack
hack
hack
hack
hack
hack
hack
hack
hack
hack
hack
hack
hack
hack
hack
hack
hack
hack
hack
hack
hack
hack
hack
hack
hack
hack
hack
hack
hack
hack
hack
hack
hack
hack
hack
hack
hack
hack
hack
hack
hack
hack
hack
hack
hack
hack
hack
hack
hack
hack
hack
hack
hack
hack
hack
hack
hack
hack
hack
hack
hack
hack
hack
hack
hack
hack
hack
hack
hack
hack
hack
hack
hack
hack
hack
hack
hack
hack
hack
hack
hack
hack
hack
hack
hack
hack
hack
hack
hack
hack
hack
hack
hack
hack
hack
hack
hack
hack
hack
hack
hack
hack
hack
hack
hack
hack
hack
hack
hack
hack
hack
hack
hack
hack
hack
hack
hack
hack
hack
hack
hack
hack
hack
hack
hack
hack
hack
hack
hack
hack
hack
hack
hack
hack
hack
hack
hack
hack
hack
hack
hack
hack
hack
hack
hack
hack
hack
hack
hack
hack
hack
hack
hack
hack
hack
hack
hack
hack
hack
hack
hack
hack
hack
hack
hack
hack
hack
hack
hack
hack
hack
hack
hack
hack
hack
hack
hack
hack
hack
hack
hack
hack
hack
hack
hack
hack
hack
hack
hack
hack
hack
hack
hack
hack
hack
hack
hack
hack
hack
hack
hack
hack
hack
hack
hack
hack
hack
hack
hack
hack
hack
hack
hack
hack
hack
hack
hack
hack
hack
hack
hack
hack
hack
hack
hack
hack
hack
hack
hack
hack
hack
hack
hack
hack
hack
hack
hack
hack
hack
hack
hack
hack
hack
hack
hack
hack
hack
hack
hack
hack
hack
hack
hack
hack
hack
hack
hack
hack
hack
hack
hack
hack
hack
hack
hack
hack
hack
hack
hack
hack
hack
hack
hack
hack
hack
hack
hack
hack
hack
hack
hack
hack
hack
hack
hack
hack
hack
hack
hack
hack
hack
hack
hack
hack
hack
hack
hack
hack
hack
hack
hack
hack
hack
hack
hack
hack
hack
hack
hack
hack
hack
hack
hack
hack
hack
hack
hack
hack
hack
hack
hack
hack
hack
hack
hack
hack
hack
hack
hack
hack
hack
hack
hack
hack
hack
hack
hack
hack
hack
hack
hack
hack
hack
hack
hack
hack
hack
hack
hack
hack
hack
hack
hack
hack
hack
hack
hack
hack
hack
hack
hack
hack
hack
hack
hack
hack
hack
hack
hack
hack
hack
hack
hack
hack
hack
hack
hack
hack
hack
hack
hack
hack
hack
hack
hack
hack
hack
hack
hack
hack
hack
hack
hack
hack
hack
hack
hack
hack
hack
hack
hack
hack
hack
hack
hack
hack
hack
hack
hack
hack
hack
hack
hack
hack
hack
hack
hack
hack
hack
hack
hack
hack
hack
hack
hack
hack
hack
hack
hack
hack
hack
hack
hack
hack
hack
hack
hack
hack
hack
hack
hack
hack
hack
hack
hack
hack
hack
hack
hack
hack
hack
hack
hack
hack
hack
hack
hack
hack
hack
hack
hack
hack
hack
hack
hack
hack
hack
hack
hack
hack
hack
hack
hack
hack
hack
hack
hack
hack
hack
hack
hack
hack
hack
hack
hack
hack
hack
hack
hack
hack
hack
hack
hack
hack
hack
hack
hack
hack
hack
hack
hack
hack
hack
hack
hack
hack
hack
hack
hack
hack
hack
hack
hack
hack
hack
hack
hack
hack
hack
hack
hack
hack
hack
hack
hack
hack
hack
hack
hack
hack
hack
hack
hack
hack
hack
hack
hack
hack
hack
hack
hack
hack
hack
hack
hack
hack
hack
hack
hack
hack
hack
hack
hack
hack
hack
hack
hack
hack
hack
hack
hack
hack
hack
hack
hack
hack
hack
hack
hack
hack
hack
hack
hack
hack
hack
hack
hack
hack
hack
hack
hack
hack
hack
hack
hack
hack
hack
hack
hack
hack
hack
hack
hack
hack
hack
hack
hack
hack
hack
hack
hack
hack
hack
hack
hack
hack
hack
hack
hack
hack
hack
hack
hack
hack
hack
hack
hack
hack
hack
hack
hack
hack
hack
hack
hack
hack
hack
hack
hack
hack
hack
hack
hack
hack
hack
hack
hack
hack
hack
hack
hack
hack
hack
hack
hack
hack
hack
hack
hack
hack
hack
hack
hack
hack
hack
hack
hack
hack
hack
hack
hack
hack
hack
hack
hack
hack
hack
hack
hack
hack
hack
hack
hack
hack
hack
hack
hack
hack
hack
hack
hack
hack
hack
hack
hack
hack
hack
hack
hack
hack
hack
hack
hack
hack
hack
hack
hack
hack
hack
hack
hack
hack
hack
hack
hack
hack
hack
hack
hack
hack
hack
hack
hack
hack
hack
hack
hack
hack
hack
hack
hack
hack
hack
hack
hack
hack
hack
hack
hack
hack
hack
hack
hack
hack
hack
hack
hack
hack
hack
hack
hack
hack
hack
hack
hack
hack
hack
hack
hack
hack
hack
hack
hack
hack
hack
hack
hack
hack
hack
hack
hack
hack
hack
hack
hack
hack
hack
hack
hack
hack
hack
hack
hack
hack
hack
hack
hack
hack
hack
hack
hack
hack
hack
hack
hack
hack
hack
hack
hack
hack
hack
hack
hack
hack
hack
hack
hack
hack
hack
hack
hack
hack
hack
hack
hack
hack
hack
hack
hack
hack
hack
hack
hack
hack
hack
hack
hack
hack
hack
hack
hack
hack
hack
hack
hack
hack
hack
hack
hack
hack
hack
hack
hack
hack
hack
hack
hack
hack
hack
hack
hack
hack
hack
hack
hack
hack
hack
hack
hack
hack
hack
hack
hack
hack
hack
hack
hack
hack
hack
hack
hack
hack
hack
hack
hack
hack
hack
hack
hack
hack
hack
hack
hack
hack
hack
hack
hack
hack
hack
hack
hack
hack
hack
hack
hack
hack
hack
hack
hack
hack
hack
hack
hack
hack
hack
hack
hack
hack
hack
hack
hack
hack
hack
hack
hack
hack
hack
hack
hack
hack
hack
hack
hack
hack
hack
hack
hack
hack
hack
hack
hack
hack
hack
hack
hack
hack
hack
hack
hack
hack
hack
hack
hack
hack
hack
hack
hack
hack
hack
hack
hack
hack
hack
hack
hack
hack
hack
hack
hack
hack
hack
hack
hack
hack
hack
hack
hack
hack
hack
hack
hack
hack
hack
hack
hack
hack
hack
hack
hack
hack
hack
hack
hack
hack
hack
hack
hack
hack
hack
hack
hack
hack
hack
hack
hack
hack
hack
hack
hack
hack
hack
hack
hack
hack
hack
hack
hack
hack
hack
hack
hack
hack
hack
hack
hack
hack
hack
hack
hack
hack
hack
hack
hack
hack
hack
hack
hack
hack
hack
exit
// The H4ckinG4me 1.2.0.RELEASE log closed at 2021-07-05 23:19:04
hack
// The H4ckinG4me 1.2.0.RELEASE log opened at 2021-07-05 23:19:13
hack
hack
hack
hack
hack
hack
hack
hack
hack
hack
// [failed] learn
hack
hack
hack
hack
hack
hack
hack
hack
hack
hack
hack
hack
hack
hack
hack
hack
hack
hack
hack
hack
hack
hack
hack
hack
hack
hack
hack
hack
hack
hack
hack
hack
hack
hack
hack
hack
hack
hack
hack
hack
hack
hack
hack
hack
hack
hack
hack
hack
hack
hack
hack
hack
hack
hack
hack
hack
hack
hack
hack
hack
hack
hack
hack
hack
hack
hack
hack
hack
hack
hack
hack
hack
hack
hack
hack
hack
hack
hack
hack
hack
hack
hack
hack
hack
hack
hack
hack
hack
hack
hack
hack
hack
hack
hack
hack
hack
hack
hack
hack
hack
hack
hack
hack
hack
hack
hack
hack
hack
hack
hack
exit
// The H4ckinG4me 1.2.0.RELEASE log closed at 2021-07-05 23:20:14
